<?xml version="1.0" encoding="UTF-8"?><testsuite errors="1" failures="0" name="Busqueda de Cliente" skipped="0" tests="1" time="37.34" timestamp="2022-06-21 03:40:44"><testcase name="Inicio busqueda de cliente"><error message="Expected condition failed: waiting for frame to be available: 5 (tried for 10 second(s) with 500 milliseconds interval)&#10;Build info: version: '3.141.59', revision: 'e82be7d358', time: '2018-11-14T08:17:03'&#10;System info: host: 'LAPTOP-LMUU0593', ip: '192.168.43.83', os.name: 'Windows 10', os.arch: 'amd64', os.version: '10.0', java.version: '11.0.12'&#10;Driver info: net.thucydides.core.webdriver.WebDriverFacade&#10;Build info: version: '3.141.59', revision: 'e82be7d358', time: '2018-11-14T08:17:03'&#10;System info: host: 'LAPTOP-LMUU0593', ip: '192.168.43.83', os.name: 'Windows 10', os.arch: 'amd64', os.version: '10.0', java.version: '11.0.12'&#10;Driver info: driver.version: unknown" type="org.openqa.selenium.TimeoutException">Expected condition failed: waiting for frame to be available: 5 (tried for 10 second(s) with 500 milliseconds interval)
Build info: version: '3.141.59', revision: 'e82be7d358', time: '2018-11-14T08:17:03'
System info: host: 'LAPTOP-LMUU0593', ip: '192.168.43.83', os.name: 'Windows 10', os.arch: 'amd64', os.version: '10.0', java.version: '11.0.12'
Driver info: net.thucydides.core.webdriver.WebDriverFacade
Build info: version: '3.141.59', revision: 'e82be7d358', time: '2018-11-14T08:17:03'
System info: host: 'LAPTOP-LMUU0593', ip: '192.168.43.83', os.name: 'Windows 10', os.arch: 'amd64', os.version: '10.0', java.version: '11.0.12'
Driver info: driver.version: unknown</error><system-err>Expected condition failed: waiting for frame to be available: 5 (tried for 10 second(s) with 500 milliseconds interval)
Build info: version: '3.141.59', revision: 'e82be7d358', time: '2018-11-14T08:17:03'
System info: host: 'LAPTOP-LMUU0593', ip: '192.168.43.83', os.name: 'Windows 10', os.arch: 'amd64', os.version: '10.0', java.version: '11.0.12'
Driver info: net.thucydides.core.webdriver.WebDriverFacade
Build info: version: '3.141.59', revision: 'e82be7d358', time: '2018-11-14T08:17:03'
System info: host: 'LAPTOP-LMUU0593', ip: '192.168.43.83', os.name: 'Windows 10', os.arch: 'amd64', os.version: '10.0', java.version: '11.0.12'
Driver info: driver.version: unknown&#13;
utils.EsperaImplicita.esperaImplicitaFrame(EsperaImplicita.java:12)&#13;
steps.BusquedaDeClienteSteps.clickSeleccionar(BusquedaDeClienteSteps.java:24)&#13;
stepdefinitions.BusquedaDeClienteStepdefinitions.estoy_en_el_modulo_de_cliente(BusquedaDeClienteStepdefinitions.java:28)&#13;
✽.estoy en el modulo de cliente(src/test/resources/features/BusquedaDeCliente.feature:9)&#13;
</system-err></testcase></testsuite>